<?xml version="1.0" encoding="UTF-8"?>
<testsuite xmlns:xsi="http://www.w3.org/2001/XMLSchema-instance" xsi:noNamespaceSchemaLocation="https://maven.apache.org/surefire/maven-surefire-plugin/xsd/surefire-test-report-3.0.xsd" version="3.0" name="com.gridops.microkernel.host.EvaluateControllerTest" time="2.34" tests="9" errors="0" skipped="0" failures="0">
  <properties>
[...]
</properties>
  <testcase name="evaluate_outageRisk_returnsAlerts" classname="com.gridops.microkernel.host.EvaluateControllerTest" time="0.876">
    <system-out><![CDATA[20:51:32.462 [main] INFO org.springframework.test.context.support.AnnotationConfigContextLoaderUtils -- Could not detect default configuration classes for test class [com.gridops.microkernel.host.EvaluateControllerTest]: EvaluateControllerTest does not declare any static, non-private, non-final, nested classes annotated with @Configuration.
20:51:32.556 [main] INFO org.springframework.boot.test.context.SpringBootTestContextBootstrapper -- Found @SpringBootConfiguration com.gridops.microkernel.host.HostApplication for test class com.gridops.microkernel.host.EvaluateControllerTest

  .   ____          _            __ _ _
 /\\ / ___'_ __ _ _(_)_ __  __ _ \ \ \ \
( ( )\___ | '_ | '_| | '_ \/ _` | \ \ \ \
 \\/  ___)| |_)| | | | | || (_| |  ) ) ) )
  '  |____| .__|_| |_|_| |_\__, | / / / /
 =========|_|==============|___/=/_/_/_/
 :: Spring Boot ::                (v3.2.2)

2026-02-21T20:51:32.854-06:00  INFO 11412 --- [gridops-alert-rule-host] [           main] c.g.m.host.EvaluateControllerTest        : Starting EvaluateControllerTest using Java 21.0.10 with PID 11412 (started by derektaylor in /Users/derektaylor/projects/software-architectures/host-app)
2026-02-21T20:51:32.855-06:00  INFO 11412 --- [gridops-alert-rule-host] [           main] c.g.m.host.EvaluateControllerTest        : No active profile set, falling back to 1 default profile: "default"
2026-02-21T20:51:33.691-06:00  INFO 11412 --- [gridops-alert-rule-host] [           main] o.s.b.t.m.w.SpringBootMockServletContext : Initializing Spring TestDispatcherServlet ''
2026-02-21T20:51:33.691-06:00  INFO 11412 --- [gridops-alert-rule-host] [           main] o.s.t.web.servlet.TestDispatcherServlet  : Initializing Servlet ''
2026-02-21T20:51:33.693-06:00  INFO 11412 --- [gridops-alert-rule-host] [           main] o.s.t.web.servlet.TestDispatcherServlet  : Completed initialization in 1 ms
2026-02-21T20:51:33.709-06:00  INFO 11412 --- [gridops-alert-rule-host] [           main] c.g.m.host.EvaluateControllerTest        : Started EvaluateControllerTest in 1.054 seconds (process running for 1.864)
]]></system-out>
    <system-err><![CDATA[WARNING: A Java agent has been loaded dynamically (/Users/derektaylor/.m2/repository/net/bytebuddy/byte-buddy-agent/1.14.11/byte-buddy-agent-1.14.11.jar)
WARNING: If a serviceability tool is in use, please run with -XX:+EnableDynamicAgentLoading to hide this warning
WARNING: If a serviceability tool is not in use, please run with -Djdk.instrument.traceUsage for more information
WARNING: Dynamic loading of agents will be disallowed by default in a future release
]]></system-err>
  </testcase>
  <testcase name="addPlugin_alreadyRegistered_returns409" classname="com.gridops.microkernel.host.EvaluateControllerTest" time="0.008"/>
  <testcase name="addPlugin_invalidPluginId_returns400" classname="com.gridops.microkernel.host.EvaluateControllerTest" time="0.006"/>
  <testcase name="removePlugin_notRegistered_returns404" classname="com.gridops.microkernel.host.EvaluateControllerTest" time="0.005"/>
  <testcase name="removePlugin_thenAdd_roundTrip" classname="com.gridops.microkernel.host.EvaluateControllerTest" time="0.017"/>
  <testcase name="addPlugin_missingPluginId_returns400" classname="com.gridops.microkernel.host.EvaluateControllerTest" time="0.004"/>
  <testcase name="evaluate_forecastRamp_returnsAlerts" classname="com.gridops.microkernel.host.EvaluateControllerTest" time="0.005"/>
  <testcase name="evaluate_priceSpike_returnsAlertsAndPluginsFired" classname="com.gridops.microkernel.host.EvaluateControllerTest" time="0.004"/>
  <testcase name="getPlugins_returnsList" classname="com.gridops.microkernel.host.EvaluateControllerTest" time="0.003"/>
</testsuite>